Arguments: 
  /usr/bin/node /usr/share/yarn/bin/yarn.js global bin

PATH: 
  /usr/local/sbin:/usr/local/bin:/usr/sbin:/usr/bin:/sbin:/bin:/usr/games:/usr/local/games:/home/ianuci/Android/Sdk/tools:/home/ianuci/Android/Sdk/platform-tools

Yarn version: 
  1.22.0

Node version: 
  10.19.0

Platform: 
  linux x64

Trace: 
  SyntaxError: /media/ianuci/www/xyBarbers/backend/package.json: Unexpected end of JSON input
      at JSON.parse (<anonymous>)
      at /usr/share/yarn/lib/cli.js:1625:59
      at Generator.next (<anonymous>)
      at step (/usr/share/yarn/lib/cli.js:310:30)
      at /usr/share/yarn/lib/cli.js:321:13

npm manifest: 
  

yarn manifest: 
  No manifest

Lockfile: 
  No lockfile
